d:\1`university\ood2\lw1\lw1\x64\debug\vc143.pdb
d:\1`university\ood2\lw1\lw1\x64\debug\vc143.idb
d:\1`university\ood2\lw1\lw1\x64\debug\rectangle.obj
d:\1`university\ood2\lw1\lw1\x64\debug\main.obj
d:\1`university\ood2\lw1\lw1\x64\debug\triangle.obj
d:\1`university\ood2\lw1\lw1\x64\debug\mathrectangledecorator.obj
d:\1`university\ood2\lw1\lw1\x64\debug\mathtriangledecorator.obj
d:\1`university\ood2\lw1\lw1\x64\debug\mathcircledecorator.obj
d:\1`university\ood2\lw1\lw1\x64\debug\compositeshape.obj
d:\1`university\ood2\lw1\lw1\x64\debug\circle.obj
d:\1`university\ood2\lw1\x64\debug\lw1.exe
d:\1`university\ood2\lw1\x64\debug\lw1.pdb
d:\1`university\ood2\lw1\lw1\x64\debug\lw1.ilk
d:\1`university\ood2\lw1\lw1\x64\debug\application.obj
d:\1`university\ood2\lw1\lw1\x64\debug\circledecorator.obj
d:\1`university\ood2\lw1\lw1\x64\debug\circleshape.obj
d:\1`university\ood2\lw1\lw1\x64\debug\composite.obj
d:\1`university\ood2\lw1\lw1\x64\debug\convex.obj
d:\1`university\ood2\lw1\lw1\x64\debug\convexdecorator.obj
d:\1`university\ood2\lw1\lw1\x64\debug\convexshape.obj
d:\1`university\ood2\lw1\lw1\x64\debug\handlers.obj
d:\1`university\ood2\lw1\lw1\x64\debug\parser.obj
d:\1`university\ood2\lw1\lw1\x64\debug\rectangledecorator.obj
d:\1`university\ood2\lw1\lw1\x64\debug\rectangleshape.obj
d:\1`university\ood2\lw1\lw1\x64\debug\lw1.tlog\cl.command.1.tlog
d:\1`university\ood2\lw1\lw1\x64\debug\lw1.tlog\cl.items.tlog
d:\1`university\ood2\lw1\lw1\x64\debug\lw1.tlog\cl.read.1.tlog
d:\1`university\ood2\lw1\lw1\x64\debug\lw1.tlog\cl.write.1.tlog
d:\1`university\ood2\lw1\lw1\x64\debug\lw1.tlog\link.command.1.tlog
d:\1`university\ood2\lw1\lw1\x64\debug\lw1.tlog\link.read.1.tlog
d:\1`university\ood2\lw1\lw1\x64\debug\lw1.tlog\link.secondary.1.tlog
d:\1`university\ood2\lw1\lw1\x64\debug\lw1.tlog\link.write.1.tlog
